<?xml version="1.0" encoding="UTF-8" standalone="yes" ?>
<test-results name="C:\Users\alexm\OneDrive\Documentos\ProvaDelphiApp\TesteUnitário\Win32\Debug\ProvaDelphiAppTeste.exe" total="10" errors="0" failures="0" ignored="0" inconclusive="0" not-run="0" skipped="0" invalid="0" date="2021-03-12" time="0.184">
  <culture-info current-culture="en" current-uiculture="en" />
  <test-suite type="Assembly" name="ProvaDelphiAppTeste.exe" executed="true" result="Success" success="True" time="0.184" asserts="0">
    <results>
        <test-suite type="Namespace" name="uTesteTarefa1" executed="true" result="Success" success="True" time="0.184" asserts="0" >
          <results>
              <test-suite type="Fixture" name="TTesteTarefa1" executed="True" result="Success" success="True" time="0.184" >
                <results>
                  <test-case name="TesteGeraSQL" executed="True" result="Success" success="True" time="0.092" asserts="0" />
                </results>
              </test-suite>
          </results>
        </test-suite>
        <test-suite type="Namespace" name="uTesteTarefa3" executed="true" result="Success" success="True" time="0.082" asserts="0" >
          <results>
              <test-suite type="Fixture" name="TTesteTarefa3" executed="True" result="Success" success="True" time="0.082" >
                <results>
                  <test-case name="TesteObterTotalSoma" executed="True" result="Success" success="True" time="0.003" asserts="0" />
                  <test-case name="TesteObterTotalSoma.Case1" executed="True" result="Success" success="True" time="0.000" asserts="0" />
                  <test-case name="TesteObterTotalSoma.Case2" executed="True" result="Success" success="True" time="0.001" asserts="0" />
                  <test-case name="TesteObterTotalSoma.Case3" executed="True" result="Success" success="True" time="0.000" asserts="0" />
                  <test-case name="TesteObterTotalDivisoes" executed="True" result="Success" success="True" time="0.000" asserts="0" />
                  <test-case name="TesteObterTotalDivisoes.Case4" executed="True" result="Success" success="True" time="0.001" asserts="0" />
                  <test-case name="TesteObterTotalDivisoes.Case5" executed="True" result="Success" success="True" time="0.000" asserts="0" />
                  <test-case name="TesteObterTotalDivisoes.Case6" executed="True" result="Success" success="True" time="0.000" asserts="0" />
                </results>
              </test-suite>
          </results>
        </test-suite>
        <test-suite type="Namespace" name="uTesteTarefa2" executed="true" result="Success" success="True" time="0.077" asserts="0" >
          <results>
              <test-suite type="Fixture" name="TTesteTarefa2" executed="True" result="Success" success="True" time="0.077" >
                <results>
                  <test-case name="TesteExecutarLaco" executed="True" result="Success" success="True" time="0.074" asserts="0" />
                </results>
              </test-suite>
          </results>
        </test-suite>
    </results>
  </test-suite>
</test-results>
